<?xml version="1.0" encoding="UTF-8" standalone="no"?>
<!DOCTYPE log SYSTEM "logger.dtd">
<log>
<record>
  <date>2019-12-27T15:05:20.608147Z</date>
  <millis>1577459120608</millis>
  <nanos>147000</nanos>
  <sequence>0</sequence>
  <logger>org.uma.jmetal.util.JMetalLogger</logger>
  <level>INFO</level>
  <class>org.uma.jmetal.util.JMetalLogger</class>
  <method>configureLoggers</method>
  <thread>1</thread>
  <message>Loggers configured with null</message>
</record>
<record>
  <date>2019-12-27T15:05:20.669938Z</date>
  <millis>1577459120669</millis>
  <nanos>938000</nanos>
  <sequence>1</sequence>
  <logger>org.uma.jmetal.util.JMetalLogger</logger>
  <level>INFO</level>
  <class>org.uma.jmetal.runner.multiobjective.MOEADRunner</class>
  <method>main</method>
  <thread>1</thread>
  <message>Total execution time: 1268ms</message>
</record>
<record>
  <date>2019-12-27T15:05:20.685365Z</date>
  <millis>1577459120685</millis>
  <nanos>365000</nanos>
  <sequence>2</sequence>
  <logger>org.uma.jmetal.util.JMetalLogger</logger>
  <level>INFO</level>
  <class>org.uma.jmetal.util.AbstractAlgorithmRunner</class>
  <method>printFinalSolutionSet</method>
  <thread>1</thread>
  <message>Random seed: 1577459119275</message>
</record>
<record>
  <date>2019-12-27T15:05:20.686065Z</date>
  <millis>1577459120686</millis>
  <nanos>65000</nanos>
  <sequence>3</sequence>
  <logger>org.uma.jmetal.util.JMetalLogger</logger>
  <level>INFO</level>
  <class>org.uma.jmetal.util.AbstractAlgorithmRunner</class>
  <method>printFinalSolutionSet</method>
  <thread>1</thread>
  <message>Objectives values have been written to file FUN.tsv</message>
</record>
<record>
  <date>2019-12-27T15:05:20.686644Z</date>
  <millis>1577459120686</millis>
  <nanos>644000</nanos>
  <sequence>4</sequence>
  <logger>org.uma.jmetal.util.JMetalLogger</logger>
  <level>INFO</level>
  <class>org.uma.jmetal.util.AbstractAlgorithmRunner</class>
  <method>printFinalSolutionSet</method>
  <thread>1</thread>
  <message>Variables values have been written to file VAR.tsv</message>
</record>
</log>
